android/build/intermediates/manifest_merge_blame_file/debug/manifest-merger-blame-debug-report.txt
1<?xml version="1.0" encoding="utf-8"?>
2<manifest xmlns:android="http://schemas.android.com/apk/res/android"
3    xmlns:tools="http://schemas.android.com/tools"
4    package="com.facecapturecamera.plugin" >
5
6    <uses-sdk
7        android:minSdkVersion="22"
7-->src\main\AndroidManifest.xml
8        android:targetSdkVersion="33" />
8-->src\main\AndroidManifest.xml
9
10    <!-- Permissions go here -->
11    <uses-permission android:name="android.permission.CAMERA" />
11-->src\main\AndroidManifest.xml:6:5-65
11-->src\main\AndroidManifest.xml:6:22-62
12
13    <application
13-->src\main\AndroidManifest.xml:8:5-19:19
14        android:allowBackup="false"
14-->src\main\AndroidManifest.xml:9:9-36
15        android:icon="@mipmap/ic_launcher"
15-->src\main\AndroidManifest.xml:11:9-43
16        android:label="@string/app_name"
16-->src\main\AndroidManifest.xml:10:9-41
17        tools:replace="android:allowBackup,android:label" >
17-->src\main\AndroidManifest.xml:12:9-58
18        <activity
18-->src\main\AndroidManifest.xml:14:9-17:68
19            android:name="com.facecapturecamera.plugin.CameraXActivity"
19-->src\main\AndroidManifest.xml:15:13-72
20            android:exported="true"
20-->src\main\AndroidManifest.xml:16:13-36
21            android:theme="@style/Theme.FaceCapture.NoActionBar" />
21-->src\main\AndroidManifest.xml:17:13-65
22    </application>
23
24</manifest>